2025-03-12 02:13:50,452 - INFO - ====== WebDriver manager ======
2025-03-12 02:13:51,729 - INFO - Get LATEST chromedriver version for google-chrome
2025-03-12 02:13:52,853 - INFO - Get LATEST chromedriver version for google-chrome
2025-03-12 02:13:53,959 - INFO - Driver [C:\Users\Administrator\.wdm\drivers\chromedriver\win64\133.0.6943.141\chromedriver-win32/chromedriver.exe] found in cache
2025-03-12 02:15:14,353 - INFO - Email sent to vharbarynin@gmail.com
2025-03-12 02:15:14,358 - INFO - Found 80 new car listings.
2025-03-12 02:15:57,031 - INFO - ====== WebDriver manager ======
2025-03-12 02:15:58,289 - INFO - Get LATEST chromedriver version for google-chrome
2025-03-12 02:15:59,398 - INFO - Get LATEST chromedriver version for google-chrome
2025-03-12 02:16:00,490 - INFO - Driver [C:\Users\Administrator\.wdm\drivers\chromedriver\win64\133.0.6943.141\chromedriver-win32/chromedriver.exe] found in cache
2025-03-12 02:16:53,884 - INFO - Found 0 new car listings.
2025-03-12 02:20:09,360 - INFO - ====== WebDriver manager ======
2025-03-12 02:20:10,655 - INFO - Get LATEST chromedriver version for google-chrome
2025-03-12 02:20:11,751 - INFO - Get LATEST chromedriver version for google-chrome
2025-03-12 02:20:12,855 - INFO - Driver [C:\Users\Administrator\.wdm\drivers\chromedriver\win64\133.0.6943.141\chromedriver-win32/chromedriver.exe] found in cache
2025-03-12 02:21:14,557 - INFO - Email sent to vharbarynin@gmail.com
2025-03-12 02:21:14,563 - INFO - Found 102 new car listings.
2025-03-12 02:21:53,211 - INFO - ====== WebDriver manager ======
2025-03-12 02:21:54,500 - INFO - Get LATEST chromedriver version for google-chrome
2025-03-12 02:21:55,729 - INFO - Get LATEST chromedriver version for google-chrome
2025-03-12 02:21:57,156 - INFO - Driver [C:\Users\Administrator\.wdm\drivers\chromedriver\win64\133.0.6943.141\chromedriver-win32/chromedriver.exe] found in cache
2025-03-12 02:23:08,319 - INFO - Email sent to vharbarynin@gmail.com
2025-03-12 02:23:08,324 - INFO - Found 90 new car listings.
2025-03-12 02:25:41,870 - INFO - ====== WebDriver manager ======
2025-03-12 02:25:43,133 - INFO - Get LATEST chromedriver version for google-chrome
2025-03-12 02:25:45,410 - INFO - Get LATEST chromedriver version for google-chrome
2025-03-12 02:25:46,553 - INFO - Driver [C:\Users\Administrator\.wdm\drivers\chromedriver\win64\133.0.6943.141\chromedriver-win32/chromedriver.exe] found in cache
2025-03-12 02:26:46,880 - INFO - Email sent to vharbarynin@gmail.com
2025-03-12 02:26:46,884 - INFO - Found 30 new car listings.
2025-03-12 02:30:17,502 - INFO - ====== WebDriver manager ======
2025-03-12 02:30:18,766 - INFO - Get LATEST chromedriver version for google-chrome
2025-03-12 02:30:19,889 - INFO - Get LATEST chromedriver version for google-chrome
2025-03-12 02:30:21,008 - INFO - Driver [C:\Users\Administrator\.wdm\drivers\chromedriver\win64\133.0.6943.141\chromedriver-win32/chromedriver.exe] found in cache
2025-03-12 02:31:14,823 - INFO - Found 0 new car listings.
2025-03-12 02:33:33,228 - INFO - ====== WebDriver manager ======
2025-03-12 02:33:34,459 - INFO - Get LATEST chromedriver version for google-chrome
2025-03-12 02:33:35,652 - INFO - Get LATEST chromedriver version for google-chrome
2025-03-12 02:33:36,756 - INFO - Driver [C:\Users\Administrator\.wdm\drivers\chromedriver\win64\133.0.6943.141\chromedriver-win32/chromedriver.exe] found in cache
2025-03-12 02:34:36,049 - INFO - Found 0 new car listings.
